<?xml version="1.0" encoding="UTF-8"?>
<!-- Generated by org.testng.reporters.JUnitReportReporter -->
<testsuite hostname="NX00368" failures="0" tests="7" name="com.saucedemo.testClasses.InventoryPageTest" time="0.610" errors="0" timestamp="2024-09-05T18:25:00 PKT" skipped="0">
  <testcase classname="com.saucedemo.testClasses.InventoryPageTest" name="VerifyProduct1PriceTest" time="0.062"/>
  <testcase classname="com.saucedemo.testClasses.InventoryPageTest" name="addProduct1toCartTest" time="0.065"/>
  <testcase classname="com.saucedemo.testClasses.InventoryPageTest" name="addProduct2toCartTest" time="0.067"/>
  <testcase classname="com.saucedemo.testClasses.InventoryPageTest" name="isProduct1inCartTest" time="0.072"/>
  <testcase classname="com.saucedemo.testClasses.InventoryPageTest" name="isProduct2inCartTest" time="0.075"/>
  <testcase classname="com.saucedemo.testClasses.InventoryPageTest" name="goToCartTest" time="0.251"/>
  <testcase classname="com.saucedemo.testClasses.InventoryPageTest" name="verifyItemsAddedTest" time="0.018"/>
</testsuite> <!-- com.saucedemo.testClasses.InventoryPageTest -->
