<?xml version="1.0" encoding="UTF-8"?>
<!-- Generated by org.testng.reporters.JUnitReportReporter -->
<testsuite hostname="NX00368" failures="0" tests="2" name="com.saucedemo.testClasses.CartPageTest" time="3.208" errors="0" timestamp="2024-09-06T13:11:46 PKT" skipped="0">
  <testcase classname="com.saucedemo.testClasses.CartPageTest" name="verifyCartItemsTest" time="0.099"/>
  <testcase classname="com.saucedemo.testClasses.CartPageTest" name="checkoutButtonTest" time="3.109"/>
</testsuite> <!-- com.saucedemo.testClasses.CartPageTest -->
