<?xml version="1.0" encoding="UTF-8"?>
<!-- Generated by org.testng.reporters.JUnitReportReporter -->
<testsuite hostname="NX00368" failures="0" tests="3" name="com.saucedemo.testClasses.LoginPageTest" time="0.740" errors="0" timestamp="2024-09-05T18:25:00 PKT" skipped="0">
  <testcase classname="com.saucedemo.testClasses.LoginPageTest" name="loginPageTitleTest" time="0.021"/>
  <testcase classname="com.saucedemo.testClasses.LoginPageTest" name="LogoTest" time="0.045"/>
  <testcase classname="com.saucedemo.testClasses.LoginPageTest" name="validLoginTest" time="0.674"/>
</testsuite> <!-- com.saucedemo.testClasses.LoginPageTest -->
