<?xml version="1.0" encoding="UTF-8"?>
<!-- Generated by org.testng.reporters.JUnitReportReporter -->
<testsuite hostname="NX00368" failures="0" tests="7" name="com.saucedemo.testClasses.InventoryPageTest" time="0.586" errors="0" timestamp="2024-09-06T13:13:52 PKT" skipped="0">
  <testcase classname="com.saucedemo.testClasses.InventoryPageTest" name="VerifyProduct1PriceTest" time="0.062"/>
  <testcase classname="com.saucedemo.testClasses.InventoryPageTest" name="addProduct1toCartTest" time="0.168"/>
  <testcase classname="com.saucedemo.testClasses.InventoryPageTest" name="addProduct2toCartTest" time="0.080"/>
  <testcase classname="com.saucedemo.testClasses.InventoryPageTest" name="isProduct1inCartTest" time="0.090"/>
  <testcase classname="com.saucedemo.testClasses.InventoryPageTest" name="isProduct2inCartTest" time="0.071"/>
  <testcase classname="com.saucedemo.testClasses.InventoryPageTest" name="goToCartTest" time="0.083"/>
  <testcase classname="com.saucedemo.testClasses.InventoryPageTest" name="verifyItemsAddedTest" time="0.032"/>
</testsuite> <!-- com.saucedemo.testClasses.InventoryPageTest -->
