<?xml version="1.0" encoding="UTF-8"?>
<!-- Generated by org.testng.reporters.JUnitReportReporter -->
<testsuite hostname="NX00368" failures="0" tests="2" name="com.saucedemo.testClasses.CartPageTest" time="3.135" errors="0" timestamp="2024-09-09T16:11:15 PKT" skipped="0">
  <testcase classname="com.saucedemo.testClasses.CartPageTest" name="verifyCartItemsTest" time="0.053"/>
  <testcase classname="com.saucedemo.testClasses.CartPageTest" name="checkoutButtonTest" time="3.082"/>
</testsuite> <!-- com.saucedemo.testClasses.CartPageTest -->
