<?xml version="1.0" encoding="UTF-8"?>
<!-- Generated by org.testng.reporters.JUnitReportReporter -->
<testsuite hostname="NX00368" failures="0" tests="3" name="com.saucedemo.testClasses.LoginPageTest" time="0.486" errors="0" timestamp="2024-09-05T18:28:17 PKT" skipped="0">
  <testcase classname="com.saucedemo.testClasses.LoginPageTest" name="loginPageTitleTest" time="0.011"/>
  <testcase classname="com.saucedemo.testClasses.LoginPageTest" name="LogoTest" time="0.037"/>
  <testcase classname="com.saucedemo.testClasses.LoginPageTest" name="validLoginTest" time="0.438"/>
</testsuite> <!-- com.saucedemo.testClasses.LoginPageTest -->
